<?xml version="1.0" encoding="UTF-8"?>
<testng-results skipped="0" failed="0" ignored="0" total="1" passed="1">
  <reporter-output>
  </reporter-output>
  <suite name="testdemo.testmaven.AppTest" duration-ms="2547" started-at="2017-09-06T11:14:14Z" finished-at="2017-09-06T11:14:16Z">
    <groups>
    </groups>
    <test name="Command line test" duration-ms="2547" started-at="2017-09-06T11:14:14Z" finished-at="2017-09-06T11:14:16Z">
      <class name="testdemo.testmaven.AppTest">
        <test-method status="PASS" signature="FirstTest()[pri:0, instance:testdemo.testmaven.AppTest@3b81a1bc]" name="FirstTest" duration-ms="2529" started-at="2017-09-06T16:44:14Z" finished-at="2017-09-06T16:44:16Z">
          <reporter-output>
          </reporter-output>
        </test-method> <!-- FirstTest -->
      </class> <!-- testdemo.testmaven.AppTest -->
    </test> <!-- Command line test -->
  </suite> <!-- testdemo.testmaven.AppTest -->
</testng-results>
