<?xml version="1.0" encoding="UTF-8"?>
<testng-results skipped="0" failed="0" ignored="0" total="1" passed="1">
  <reporter-output>
  </reporter-output>
  <suite name="Default suite" duration-ms="2587" started-at="2017-09-06T11:08:53Z" finished-at="2017-09-06T11:08:56Z">
    <groups>
    </groups>
    <test name="Default test" duration-ms="2587" started-at="2017-09-06T11:08:53Z" finished-at="2017-09-06T11:08:56Z">
      <class name="testdemo.testmaven.AppTest">
        <test-method status="PASS" signature="FirstTest()[pri:0, instance:testdemo.testmaven.AppTest@6d4b1c02]" name="FirstTest" duration-ms="2566" started-at="2017-09-06T16:38:53Z" finished-at="2017-09-06T16:38:56Z">
          <reporter-output>
          </reporter-output>
        </test-method> <!-- FirstTest -->
      </class> <!-- testdemo.testmaven.AppTest -->
    </test> <!-- Default test -->
  </suite> <!-- Default suite -->
</testng-results>
